V:\BASICLIBPP\BASICLIBPP\X64\RELEASE\_MALLOC.OBJ
V:\BASICLIBPP\BASICLIBPP\X64\RELEASE\BASIC_FUN.OBJ
V:\BASICLIBPP\BASICLIBPP\X64\RELEASE\BASICLIBPP.DLL.INTERMEDIATE.MANIFEST
V:\basicLibPP\basicLibPP\x64\Release\basicLibPP.write.1.tlog
V:\basicLibPP\basicLibPP\x64\Release\cl.command.1.tlog
V:\basicLibPP\basicLibPP\x64\Release\CL.read.1.tlog
V:\basicLibPP\basicLibPP\x64\Release\CL.write.1.tlog
V:\BASICLIBPP\BASICLIBPP\X64\RELEASE\CP_OUT.OBJ
V:\BASICLIBPP\BASICLIBPP\X64\RELEASE\CRT_FUNC.OBJ
V:\BASICLIBPP\BASICLIBPP\X64\RELEASE\DIS_DECODE.OBJ
V:\BASICLIBPP\BASICLIBPP\X64\RELEASE\DIS_GROUPS.OBJ
V:\BASICLIBPP\BASICLIBPP\X64\RELEASE\DIS_OUT.OBJ
V:\BASICLIBPP\BASICLIBPP\X64\RELEASE\FAST_ALLOCATOR.OBJ
V:\BASICLIBPP\BASICLIBPP\X64\RELEASE\FILEBYPASS.OBJ
V:\BASICLIBPP\BASICLIBPP\X64\RELEASE\FILEMAP.OBJ
V:\BASICLIBPP\BASICLIBPP\X64\RELEASE\HNDINFO.OBJ
V:\BASICLIBPP\BASICLIBPP\X64\RELEASE\HOOK.OBJ
V:\BASICLIBPP\BASICLIBPP\X64\RELEASE\HOOK_MGR.OBJ
V:\basicLibPP\basicLibPP\x64\Release\link.command.1.tlog
V:\basicLibPP\basicLibPP\x64\Release\link.read.1.tlog
V:\basicLibPP\basicLibPP\x64\Release\link.write.1.tlog
V:\basicLibPP\basicLibPP\x64\Release\link-cvtres.read.1.tlog
V:\basicLibPP\basicLibPP\x64\Release\link-cvtres.write.1.tlog
V:\BASICLIBPP\BASICLIBPP\X64\RELEASE\LOGSYSTEM.OBJ
V:\BASICLIBPP\BASICLIBPP\X64\RELEASE\LZFIND.OBJ
V:\BASICLIBPP\BASICLIBPP\X64\RELEASE\LZMADEC.OBJ
V:\BASICLIBPP\BASICLIBPP\X64\RELEASE\LZMAENC.OBJ
V:\BASICLIBPP\BASICLIBPP\X64\RELEASE\MAIN.OBJ
V:\BASICLIBPP\BASICLIBPP\X64\RELEASE\MD5.OBJ
V:\BASICLIBPP\BASICLIBPP\X64\RELEASE\MD5_TREE.OBJ
V:\basicLibPP\basicLibPP\x64\Release\mt.command.1.tlog
V:\basicLibPP\basicLibPP\x64\Release\mt.read.1.tlog
V:\basicLibPP\basicLibPP\x64\Release\mt.write.1.tlog
V:\BASICLIBPP\BASICLIBPP\X64\RELEASE\OUT_TEST.OBJ
V:\BASICLIBPP\BASICLIBPP\X64\RELEASE\PS_CONN.OBJ
V:\BASICLIBPP\BASICLIBPP\X64\RELEASE\QUEUEDLOCK.OBJ
V:\basicLibPP\basicLibPP\x64\Release\rc.command.1.tlog
V:\basicLibPP\basicLibPP\x64\Release\rc.read.1.tlog
V:\basicLibPP\basicLibPP\x64\Release\rc.write.1.tlog
V:\BASICLIBPP\BASICLIBPP\X64\RELEASE\RES.RES
V:\BASICLIBPP\BASICLIBPP\X64\RELEASE\RESOLVE.OBJ
V:\BASICLIBPP\BASICLIBPP\X64\RELEASE\SHA256.OBJ
V:\BASICLIBPP\BASICLIBPP\X64\RELEASE\SIGN_VERIFY.OBJ
V:\BASICLIBPP\BASICLIBPP\X64\RELEASE\SQLITE3.OBJ
V:\BASICLIBPP\BASICLIBPP\X64\RELEASE\SYNTAX.OBJ
V:\BASICLIBPP\BASICLIBPP\X64\RELEASE\TLSSESECTOR.OBJ
V:\BASICLIBPP\BASICLIBPP\X64\RELEASE\TRAY.OBJ
V:\BASICLIBPP\BASICLIBPP\X64\RELEASE\VC100.PDB
V:\BASICLIBPP\X64\RELEASE\BASICLIBPP.DLL
V:\basicLibPP\x64\Release\basicLibPP.exp
V:\basicLibPP\x64\Release\basicLibPP.lib
V:\BASICLIBPP\X64\RELEASE\BASICLIBPP.PDB
