生成启动时间为 2014/3/26 20:07:38。
     1>项目“V:\basicLibPP\basicLibPP\basicLibPP.vcxproj”在节点 2 上(build 个目标)。
     1>InitializeBuildStatus:
         正在创建“Release\basicLibPP.unsuccessfulbuild”，因为已指定“AlwaysCreate”。
       ClCompile:
         D:\VS2008\VC\bin\CL.exe /c /Zi /nologo /W3 /WX- /O2 /Oi /Oy- /GL /D WIN32 /D NDEBUG /D _WINDOWS /D _USRDLL /D BASICLIBPP_EXPORTS /D _WINDLL /Gm- /EHa /MT /GS /Gy /fp:precise /Zc:wchar_t /Zc:forScope /Fo"Release\\" /Fd"Release\vc90.pdb" /Gd /TP /analyze- /errorReport:prompt DisEng\dis_decode.cc DisEng\dis_groups.cc DisEng\dis_out.cpp DisEng\resolve.cc DisEng\syntax.cc GeneralHook\hook_mgr.cpp HandleInfo\HndInfo.cpp HashTree\md5_tree.cpp HookLib\Hook.cpp SignVerify\sign_verify.cpp basic_fun.cpp fileSystem\fileBypass.cpp fileSystem\fileMap.cpp log\logSystem.cpp main.cpp memlib\fast_allocator.cpp out_test.cpp ps_conn\ps_conn.cpp tlsSelector\tlsSesector.cpp tray\tray.cpp
         dis_decode.cc
         dis_groups.cc
         dis_out.cpp
         resolve.cc
         syntax.cc
         hook_mgr.cpp
         HndInfo.cpp
         md5_tree.cpp
         Hook.cpp
         sign_verify.cpp
         basic_fun.cpp
         fileBypass.cpp
         fileMap.cpp
         logSystem.cpp
         main.cpp
         fast_allocator.cpp
         out_test.cpp
         ps_conn.cpp
         tlsSesector.cpp
         tray.cpp
         D:\VS2008\VC\bin\CL.exe /c /Zi /nologo /W3 /WX- /O2 /Oi /Oy- /GL /D WIN32 /D NDEBUG /D _WINDOWS /D _USRDLL /D BASICLIBPP_EXPORTS /D _WINDLL /Gm- /EHa /MT /GS /Gy /fp:precise /Zc:wchar_t /Zc:forScope /Fo"Release\\" /Fd"Release\vc90.pdb" /Gd /TC /analyze- /errorReport:prompt sqlite\sqlite3.c
         sqlite3.c
       ResourceCompile:
         所有输出均为最新。
       Link:
         D:\VS2008\VC\bin\link.exe /ERRORREPORT:PROMPT /OUT:"V:\basicLibPP\Release\basicLibPP.dll" /INCREMENTAL:NO /NOLOGO LIBCMT.lib ntdll.lib kernel32.lib user32.lib gdi32.lib winspool.lib comdlg32.lib advapi32.lib shell32.lib ole32.lib oleaut32.lib uuid.lib odbc32.lib odbccp32.lib /DEF:"DLLExports.def" /MANIFEST /ManifestFile:"Release\basicLibPP.dll.intermediate.manifest" /MANIFESTUAC:"level='asInvoker' uiAccess='false'" /DEBUG /PDB:"V:\basicLibPP\Release\basicLibPP.pdb" /SUBSYSTEM:WINDOWS /OPT:REF /OPT:ICF /LTCG /TLBID:1 /DYNAMICBASE /NXCOMPAT /IMPLIB:"V:\basicLibPP\Release\basicLibPP.lib" /MACHINE:X86 /DLL Release\res.res
         Release\basic_fun.obj
         Release\dis_decode.obj
         Release\dis_groups.obj
         Release\dis_out.obj
         Release\resolve.obj
         Release\syntax.obj
         Release\fileBypass.obj
         Release\fileMap.obj
         Release\hook_mgr.obj
         Release\HndInfo.obj
         Release\md5_tree.obj
         Release\MD5.obj
         Release\SHA256.obj
         Release\Hook.obj
         Release\logSystem.obj
         Release\cp_out.obj
         Release\crt_func.obj
         Release\LzFind.obj
         Release\LzmaDec.obj
         Release\LzmaEnc.obj
         Release\main.obj
         Release\fast_allocator.obj
         Release\_malloc.obj
         Release\out_test.obj
         Release\ps_conn.obj
         Release\QueuedLock.obj
         Release\sign_verify.obj
         Release\sqlite3.obj
         Release\tlsSesector.obj
         Release\tray.obj
            Creating library V:\basicLibPP\Release\basicLibPP.lib and object V:\basicLibPP\Release\basicLibPP.exp
         Generating code
         Finished generating code
         basicLibPP.vcxproj -> V:\basicLibPP\Release\basicLibPP.dll
       Manifest:
         C:\Program Files\Microsoft SDKs\Windows\v6.0A\bin\mt.exe /nologo /verbose /outputresource:"V:\basicLibPP\Release\basicLibPP.dll;#2" /manifest Release\basicLibPP.dll.intermediate.manifest
       FinalizeBuildStatus:
         正在删除文件“Release\basicLibPP.unsuccessfulbuild”。
         正在对“Release\basicLibPP.lastbuildstate”执行 Touch 任务。
     1>已完成生成项目“V:\basicLibPP\basicLibPP\basicLibPP.vcxproj”(build 个目标)的操作。

生成成功。

已用时间 00:00:36.19
